

Microchip MPLAB XC8 Assembler V2.30 build 20200825195618 
                                                                                               Mon Jan 10 06:29:32 2022

Microchip MPLAB XC8 C Compiler v2.30 (Free license) build 20200825195618 Og1 
     1                           	processor	16F877A
     2                           	pagewidth 120
     3                           	opt	flic
     4                           	psect	cinit,global,class=CODE,merge=1,delta=2
     5                           	psect	cstackCOMMON,global,class=COMMON,space=1,delta=1,noexec
     6                           	psect	maintext,global,class=CODE,split=1,delta=2
     7                           	psect	text1,local,class=CODE,merge=1,delta=2
     8                           	psect	config,global,abs,ovrld,class=CONFIG,space=4,delta=2,noexec
     9                           	dabs	1,0x7E,2
    10  0000                     
    11                           ; Version 2.20
    12                           ; Generated 12/02/2020 GMT
    13                           ; 
    14                           ; Copyright © 2020, Microchip Technology Inc. and its subsidiaries ("Microchip")
    15                           ; All rights reserved.
    16                           ; 
    17                           ; This software is developed by Microchip Technology Inc. and its subsidiaries ("Microch
      +                          ip").
    18                           ; 
    19                           ; Redistribution and use in source and binary forms, with or without modification, are
    20                           ; permitted provided that the following conditions are met:
    21                           ; 
    22                           ;     1. Redistributions of source code must retain the above copyright notice, this lis
      +                          t of
    23                           ;        conditions and the following disclaimer.
    24                           ; 
    25                           ;     2. Redistributions in binary form must reproduce the above copyright notice, this 
      +                          list
    26                           ;        of conditions and the following disclaimer in the documentation and/or other
    27                           ;        materials provided with the distribution.
    28                           ; 
    29                           ;     3. Microchip's name may not be used to endorse or promote products derived from th
      +                          is
    30                           ;        software without specific prior written permission.
    31                           ; 
    32                           ; THIS SOFTWARE IS PROVIDED BY MICROCHIP "AS IS" AND ANY EXPRESS OR IMPLIED WARRANTIES,
    33                           ; INCLUDING, BUT NOT LIMITED TO, THE IMPLIED WARRANTIES OF MERCHANTABILITY AND FITNESS F
      +                          OR
    34                           ; PURPOSE ARE DISCLAIMED.  IN NO EVENT SHALL MICROCHIP BE LIABLE FOR ANY DIRECT, INDIREC
      +                          T,
    35                           ; INCIDENTAL, SPECIAL, EXEMPLARY, OR CONSEQUENTIAL DAMAGES (INCLUDING BUT NOT LIMITED TO
    36                           ; PROCUREMENT OF SUBSTITUTE GOODS OR SERVICES; LOSS OF USE, DATA OR PROFITS; OR BUSINESS
    37                           ; INTERRUPTION) HOWSOEVER CAUSED AND ON ANY THEORY OF LIABILITY, WHETHER IN CONTRACT, ST
      +                          RICT
    38                           ; LIABILITY, OR TORT (INCLUDING NEGLIGENCE OR OTHERWISE) ARISING IN ANY WAY OUT OF THE U
      +                          SE OF
    39                           ; THIS SOFTWARE, EVEN IF ADVISED OF THE POSSIBILITY OF SUCH DAMAGE.
    40                           ; 
    41                           ; 
    42                           ; Code-generator required, PIC16F877A Definitions
    43                           ; 
    44                           ; SFR Addresses
    45  0000                     	;# 
    46  0001                     	;# 
    47  0002                     	;# 
    48  0003                     	;# 
    49  0004                     	;# 
    50  0005                     	;# 
    51  0006                     	;# 
    52  0007                     	;# 
    53  0008                     	;# 
    54  0009                     	;# 
    55  000A                     	;# 
    56  000B                     	;# 
    57  000C                     	;# 
    58  000D                     	;# 
    59  000E                     	;# 
    60  000E                     	;# 
    61  000F                     	;# 
    62  0010                     	;# 
    63  0011                     	;# 
    64  0012                     	;# 
    65  0013                     	;# 
    66  0014                     	;# 
    67  0015                     	;# 
    68  0015                     	;# 
    69  0016                     	;# 
    70  0017                     	;# 
    71  0018                     	;# 
    72  0019                     	;# 
    73  001A                     	;# 
    74  001B                     	;# 
    75  001B                     	;# 
    76  001C                     	;# 
    77  001D                     	;# 
    78  001E                     	;# 
    79  001F                     	;# 
    80  0081                     	;# 
    81  0085                     	;# 
    82  0086                     	;# 
    83  0087                     	;# 
    84  0088                     	;# 
    85  0089                     	;# 
    86  008C                     	;# 
    87  008D                     	;# 
    88  008E                     	;# 
    89  0091                     	;# 
    90  0092                     	;# 
    91  0093                     	;# 
    92  0094                     	;# 
    93  0098                     	;# 
    94  0099                     	;# 
    95  009C                     	;# 
    96  009D                     	;# 
    97  009E                     	;# 
    98  009F                     	;# 
    99  010C                     	;# 
   100  010D                     	;# 
   101  010E                     	;# 
   102  010F                     	;# 
   103  018C                     	;# 
   104  018D                     	;# 
   105  0000                     	;# 
   106  0001                     	;# 
   107  0002                     	;# 
   108  0003                     	;# 
   109  0004                     	;# 
   110  0005                     	;# 
   111  0006                     	;# 
   112  0007                     	;# 
   113  0008                     	;# 
   114  0009                     	;# 
   115  000A                     	;# 
   116  000B                     	;# 
   117  000C                     	;# 
   118  000D                     	;# 
   119  000E                     	;# 
   120  000E                     	;# 
   121  000F                     	;# 
   122  0010                     	;# 
   123  0011                     	;# 
   124  0012                     	;# 
   125  0013                     	;# 
   126  0014                     	;# 
   127  0015                     	;# 
   128  0015                     	;# 
   129  0016                     	;# 
   130  0017                     	;# 
   131  0018                     	;# 
   132  0019                     	;# 
   133  001A                     	;# 
   134  001B                     	;# 
   135  001B                     	;# 
   136  001C                     	;# 
   137  001D                     	;# 
   138  001E                     	;# 
   139  001F                     	;# 
   140  0081                     	;# 
   141  0085                     	;# 
   142  0086                     	;# 
   143  0087                     	;# 
   144  0088                     	;# 
   145  0089                     	;# 
   146  008C                     	;# 
   147  008D                     	;# 
   148  008E                     	;# 
   149  0091                     	;# 
   150  0092                     	;# 
   151  0093                     	;# 
   152  0094                     	;# 
   153  0098                     	;# 
   154  0099                     	;# 
   155  009C                     	;# 
   156  009D                     	;# 
   157  009E                     	;# 
   158  009F                     	;# 
   159  010C                     	;# 
   160  010D                     	;# 
   161  010E                     	;# 
   162  010F                     	;# 
   163  018C                     	;# 
   164  018D                     	;# 
   165  0000                     	;# 
   166  0001                     	;# 
   167  0002                     	;# 
   168  0003                     	;# 
   169  0004                     	;# 
   170  0005                     	;# 
   171  0006                     	;# 
   172  0007                     	;# 
   173  0008                     	;# 
   174  0009                     	;# 
   175  000A                     	;# 
   176  000B                     	;# 
   177  000C                     	;# 
   178  000D                     	;# 
   179  000E                     	;# 
   180  000E                     	;# 
   181  000F                     	;# 
   182  0010                     	;# 
   183  0011                     	;# 
   184  0012                     	;# 
   185  0013                     	;# 
   186  0014                     	;# 
   187  0015                     	;# 
   188  0015                     	;# 
   189  0016                     	;# 
   190  0017                     	;# 
   191  0018                     	;# 
   192  0019                     	;# 
   193  001A                     	;# 
   194  001B                     	;# 
   195  001B                     	;# 
   196  001C                     	;# 
   197  001D                     	;# 
   198  001E                     	;# 
   199  001F                     	;# 
   200  0081                     	;# 
   201  0085                     	;# 
   202  0086                     	;# 
   203  0087                     	;# 
   204  0088                     	;# 
   205  0089                     	;# 
   206  008C                     	;# 
   207  008D                     	;# 
   208  008E                     	;# 
   209  0091                     	;# 
   210  0092                     	;# 
   211  0093                     	;# 
   212  0094                     	;# 
   213  0098                     	;# 
   214  0099                     	;# 
   215  009C                     	;# 
   216  009D                     	;# 
   217  009E                     	;# 
   218  009F                     	;# 
   219  010C                     	;# 
   220  010D                     	;# 
   221  010E                     	;# 
   222  010F                     	;# 
   223  018C                     	;# 
   224  018D                     	;# 
   225  0000                     	;# 
   226  0001                     	;# 
   227  0002                     	;# 
   228  0003                     	;# 
   229  0004                     	;# 
   230  0005                     	;# 
   231  0006                     	;# 
   232  0007                     	;# 
   233  0008                     	;# 
   234  0009                     	;# 
   235  000A                     	;# 
   236  000B                     	;# 
   237  000C                     	;# 
   238  000D                     	;# 
   239  000E                     	;# 
   240  000E                     	;# 
   241  000F                     	;# 
   242  0010                     	;# 
   243  0011                     	;# 
   244  0012                     	;# 
   245  0013                     	;# 
   246  0014                     	;# 
   247  0015                     	;# 
   248  0015                     	;# 
   249  0016                     	;# 
   250  0017                     	;# 
   251  0018                     	;# 
   252  0019                     	;# 
   253  001A                     	;# 
   254  001B                     	;# 
   255  001B                     	;# 
   256  001C                     	;# 
   257  001D                     	;# 
   258  001E                     	;# 
   259  001F                     	;# 
   260  0081                     	;# 
   261  0085                     	;# 
   262  0086                     	;# 
   263  0087                     	;# 
   264  0088                     	;# 
   265  0089                     	;# 
   266  008C                     	;# 
   267  008D                     	;# 
   268  008E                     	;# 
   269  0091                     	;# 
   270  0092                     	;# 
   271  0093                     	;# 
   272  0094                     	;# 
   273  0098                     	;# 
   274  0099                     	;# 
   275  009C                     	;# 
   276  009D                     	;# 
   277  009E                     	;# 
   278  009F                     	;# 
   279  010C                     	;# 
   280  010D                     	;# 
   281  010E                     	;# 
   282  010F                     	;# 
   283  018C                     	;# 
   284  018D                     	;# 
   285  0005                     _PORTA	set	5
   286  0006                     _PORTB	set	6
   287  0037                     _RB7	set	55
   288  0036                     _RB6	set	54
   289  0035                     _RB5	set	53
   290  0033                     _RB3	set	51
   291  0032                     _RB2	set	50
   292  0031                     _RB1	set	49
   293  0030                     _RB0	set	48
   294  0034                     _RB4	set	52
   295  003F                     _RC7	set	63
   296  003D                     _RC5	set	61
   297  0086                     _TRISB	set	134
   298                           
   299                           	psect	cinit
   300  07FC                     start_initialization:	
   301                           ; #config settings
   302                           
   303  07FC                     __initialization:
   304  07FC                     end_of_initialization:	
   305                           ;End of C runtime variable initialization code
   306                           
   307  07FC                     __end_of__initialization:
   308  07FC  0183               	clrf	3
   309  07FD  120A  118A  2F4D   	ljmp	_main	;jump to C main() function
   310                           
   311                           	psect	cstackCOMMON
   312  0000                     __pcstackCOMMON:
   313  0000                     ?_keypressed:
   314  0000                     ??_keypressed:	
   315                           ; 1 bytes @ 0x0
   316                           
   317  0000                     ??_main:	
   318                           ; 1 bytes @ 0x0
   319                           
   320  0000                     ?_main:	
   321                           ; 1 bytes @ 0x0
   322                           
   323                           
   324                           	psect	maintext
   325  074D                     __pmaintext:	
   326                           ; 2 bytes @ 0x0
   327 ;;
   328 ;;Main: autosize = 0, tempsize = 0, incstack = 0, save=0
   329 ;;
   330 ;; *************** function _main *****************
   331 ;; Defined at:
   332 ;;		line 17 in file "Main.c"
   333 ;; Parameters:    Size  Location     Type
   334 ;;		None
   335 ;; Auto vars:     Size  Location     Type
   336 ;;  key             1    0        unsigned char 
   337 ;; Return value:  Size  Location     Type
   338 ;;                  2   14[None  ] int 
   339 ;; Registers used:
   340 ;;		wreg, status,2, status,0, pclath, cstack
   341 ;; Tracked objects:
   342 ;;		On entry : B00/0
   343 ;;		On exit  : 0/0
   344 ;;		Unchanged: 0/0
   345 ;; Data sizes:     COMMON   BANK0   BANK1   BANK3   BANK2
   346 ;;      Params:         0       0       0       0       0
   347 ;;      Locals:         1       0       0       0       0
   348 ;;      Temps:          0       0       0       0       0
   349 ;;      Totals:         1       0       0       0       0
   350 ;;Total ram usage:        1 bytes
   351 ;; Hardware stack levels required when called:    1
   352 ;; This function calls:
   353 ;;		_keypressed
   354 ;; This function is called by:
   355 ;;		Startup code after reset
   356 ;; This function uses a non-reentrant model
   357 ;;
   358                           
   359                           
   360                           ;psect for function _main
   361  074D                     _main:
   362  074D                     l795:	
   363                           ;incstack = 0
   364                           ; Regs used in _main: [wreg+status,2+status,0+pclath+cstack]
   365                           
   366                           
   367                           ;Main.c: 20:     char key;;Main.c: 21:     TRISB = 0b11110000;
   368  074D  30F0               	movlw	240
   369  074E  1683               	bsf	3,5	;RP0=1, select bank1
   370  074F  1303               	bcf	3,6	;RP1=0, select bank1
   371  0750  0086               	movwf	6	;volatile
   372  0751                     l797:
   373  0751  120A  118A  275A  120A  118A  	fcall	_keypressed
   374  0756  2F51               	goto	l797
   375  0757  120A  118A  2800   	ljmp	start
   376  075A                     __end_of_main:
   377                           
   378                           	psect	text1
   379  075A                     __ptext1:	
   380 ;; *************** function _keypressed *****************
   381 ;; Defined at:
   382 ;;		line 4 in file "keypad_4x4.c"
   383 ;; Parameters:    Size  Location     Type
   384 ;;		None
   385 ;; Auto vars:     Size  Location     Type
   386 ;;		None
   387 ;; Return value:  Size  Location     Type
   388 ;;                  1    wreg      unsigned char 
   389 ;; Registers used:
   390 ;;		wreg
   391 ;; Tracked objects:
   392 ;;		On entry : 0/0
   393 ;;		On exit  : 0/0
   394 ;;		Unchanged: 0/0
   395 ;; Data sizes:     COMMON   BANK0   BANK1   BANK3   BANK2
   396 ;;      Params:         0       0       0       0       0
   397 ;;      Locals:         0       0       0       0       0
   398 ;;      Temps:          0       0       0       0       0
   399 ;;      Totals:         0       0       0       0       0
   400 ;;Total ram usage:        0 bytes
   401 ;; Hardware stack levels used:    1
   402 ;; This function calls:
   403 ;;		Nothing
   404 ;; This function is called by:
   405 ;;		_main
   406 ;; This function uses a non-reentrant model
   407 ;;
   408                           
   409                           
   410                           ;psect for function _keypressed
   411  075A                     _keypressed:
   412  075A                     l78:	
   413                           ;incstack = 0
   414                           ; Regs used in _keypressed: [wreg]
   415                           ;keypad_4x4.c: 6:     while (1)
   416                           
   417                           
   418                           ;keypad_4x4.c: 7:     {;keypad_4x4.c: 8:     if ((RB4==1)&&(RB0==1))
   419  075A  1283               	bcf	3,5	;RP0=0, select bank0
   420  075B  1303               	bcf	3,6	;RP1=0, select bank0
   421  075C  1E06               	btfss	6,4	;volatile
   422  075D  2F5F               	goto	u11
   423  075E  2F60               	goto	u10
   424  075F                     u11:
   425  075F  2F66               	goto	l79
   426  0760                     u10:
   427  0760                     l689:
   428  0760  1C06               	btfss	6,0	;volatile
   429  0761  2F63               	goto	u21
   430  0762  2F64               	goto	u20
   431  0763                     u21:
   432  0763  2F66               	goto	l79
   433  0764                     u20:
   434  0764                     l691:
   435                           
   436                           ;keypad_4x4.c: 9:         return '1';
   437  0764  3031               	movlw	49
   438  0765  2FFB               	goto	l80
   439  0766                     l79:
   440                           
   441                           ;keypad_4x4.c: 10:     if ((RB4==1)&&(RB1==1))
   442  0766  1E06               	btfss	6,4	;volatile
   443  0767  2F69               	goto	u31
   444  0768  2F6A               	goto	u30
   445  0769                     u31:
   446  0769  2F70               	goto	l81
   447  076A                     u30:
   448  076A                     l695:
   449  076A  1C86               	btfss	6,1	;volatile
   450  076B  2F6D               	goto	u41
   451  076C  2F6E               	goto	u40
   452  076D                     u41:
   453  076D  2F70               	goto	l81
   454  076E                     u40:
   455  076E                     l697:
   456                           
   457                           ;keypad_4x4.c: 11:         return '2';
   458  076E  3032               	movlw	50
   459  076F  2FFB               	goto	l80
   460  0770                     l81:
   461                           
   462                           ;keypad_4x4.c: 12:     if ((RB4==1)&&(RB2==1))
   463  0770  1E06               	btfss	6,4	;volatile
   464  0771  2F73               	goto	u51
   465  0772  2F74               	goto	u50
   466  0773                     u51:
   467  0773  2F7A               	goto	l82
   468  0774                     u50:
   469  0774                     l701:
   470  0774  1D06               	btfss	6,2	;volatile
   471  0775  2F77               	goto	u61
   472  0776  2F78               	goto	u60
   473  0777                     u61:
   474  0777  2F7A               	goto	l82
   475  0778                     u60:
   476  0778                     l703:
   477                           
   478                           ;keypad_4x4.c: 13:         return '3';
   479  0778  3033               	movlw	51
   480  0779  2FFB               	goto	l80
   481  077A                     l82:
   482                           
   483                           ;keypad_4x4.c: 14:     if ((RB4==1)&&(RB3==1))
   484  077A  1E06               	btfss	6,4	;volatile
   485  077B  2F7D               	goto	u71
   486  077C  2F7E               	goto	u70
   487  077D                     u71:
   488  077D  2F84               	goto	l83
   489  077E                     u70:
   490  077E                     l707:
   491  077E  1D86               	btfss	6,3	;volatile
   492  077F  2F81               	goto	u81
   493  0780  2F82               	goto	u80
   494  0781                     u81:
   495  0781  2F84               	goto	l83
   496  0782                     u80:
   497  0782                     l709:
   498                           
   499                           ;keypad_4x4.c: 15:         return 'A';
   500  0782  3041               	movlw	65
   501  0783  2FFB               	goto	l80
   502  0784                     l83:
   503                           
   504                           ;keypad_4x4.c: 16:     if ((RB5==1)&&(RB0==1))
   505  0784  1E86               	btfss	6,5	;volatile
   506  0785  2F87               	goto	u91
   507  0786  2F88               	goto	u90
   508  0787                     u91:
   509  0787  2F8E               	goto	l84
   510  0788                     u90:
   511  0788                     l713:
   512  0788  1C06               	btfss	6,0	;volatile
   513  0789  2F8B               	goto	u101
   514  078A  2F8C               	goto	u100
   515  078B                     u101:
   516  078B  2F8E               	goto	l84
   517  078C                     u100:
   518  078C                     l715:
   519                           
   520                           ;keypad_4x4.c: 17:         return '4';
   521  078C  3034               	movlw	52
   522  078D  2FFB               	goto	l80
   523  078E                     l84:
   524                           
   525                           ;keypad_4x4.c: 18:     if ((RB5==1)&&(RB1==1))
   526  078E  1E86               	btfss	6,5	;volatile
   527  078F  2F91               	goto	u111
   528  0790  2F92               	goto	u110
   529  0791                     u111:
   530  0791  2F98               	goto	l85
   531  0792                     u110:
   532  0792                     l719:
   533  0792  1C86               	btfss	6,1	;volatile
   534  0793  2F95               	goto	u121
   535  0794  2F96               	goto	u120
   536  0795                     u121:
   537  0795  2F98               	goto	l85
   538  0796                     u120:
   539  0796                     l721:
   540                           
   541                           ;keypad_4x4.c: 19:         return '5';
   542  0796  3035               	movlw	53
   543  0797  2FFB               	goto	l80
   544  0798                     l85:
   545                           
   546                           ;keypad_4x4.c: 20:     if ((RB5==1)&&(RB2==1))
   547  0798  1E86               	btfss	6,5	;volatile
   548  0799  2F9B               	goto	u131
   549  079A  2F9C               	goto	u130
   550  079B                     u131:
   551  079B  2FA2               	goto	l86
   552  079C                     u130:
   553  079C                     l725:
   554  079C  1D06               	btfss	6,2	;volatile
   555  079D  2F9F               	goto	u141
   556  079E  2FA0               	goto	u140
   557  079F                     u141:
   558  079F  2FA2               	goto	l86
   559  07A0                     u140:
   560  07A0                     l727:
   561                           
   562                           ;keypad_4x4.c: 21:         return '6';
   563  07A0  3036               	movlw	54
   564  07A1  2FFB               	goto	l80
   565  07A2                     l86:
   566                           
   567                           ;keypad_4x4.c: 22:     if ((RB5==1)&&(RB3==1))
   568  07A2  1E86               	btfss	6,5	;volatile
   569  07A3  2FA5               	goto	u151
   570  07A4  2FA6               	goto	u150
   571  07A5                     u151:
   572  07A5  2FAC               	goto	l87
   573  07A6                     u150:
   574  07A6                     l731:
   575  07A6  1D86               	btfss	6,3	;volatile
   576  07A7  2FA9               	goto	u161
   577  07A8  2FAA               	goto	u160
   578  07A9                     u161:
   579  07A9  2FAC               	goto	l87
   580  07AA                     u160:
   581  07AA                     l733:
   582                           
   583                           ;keypad_4x4.c: 23:         return 'B';
   584  07AA  3042               	movlw	66
   585  07AB  2FFB               	goto	l80
   586  07AC                     l87:
   587                           
   588                           ;keypad_4x4.c: 24:     if ((RB6==1)&&(RB0==1))
   589  07AC  1F06               	btfss	6,6	;volatile
   590  07AD  2FAF               	goto	u171
   591  07AE  2FB0               	goto	u170
   592  07AF                     u171:
   593  07AF  2FB6               	goto	l88
   594  07B0                     u170:
   595  07B0                     l737:
   596  07B0  1C06               	btfss	6,0	;volatile
   597  07B1  2FB3               	goto	u181
   598  07B2  2FB4               	goto	u180
   599  07B3                     u181:
   600  07B3  2FB6               	goto	l88
   601  07B4                     u180:
   602  07B4                     l739:
   603                           
   604                           ;keypad_4x4.c: 25:         return '7';
   605  07B4  3037               	movlw	55
   606  07B5  2FFB               	goto	l80
   607  07B6                     l88:
   608                           
   609                           ;keypad_4x4.c: 26:     if ((RB6==1)&&(RB1==1))
   610  07B6  1F06               	btfss	6,6	;volatile
   611  07B7  2FB9               	goto	u191
   612  07B8  2FBA               	goto	u190
   613  07B9                     u191:
   614  07B9  2FC0               	goto	l89
   615  07BA                     u190:
   616  07BA                     l743:
   617  07BA  1C86               	btfss	6,1	;volatile
   618  07BB  2FBD               	goto	u201
   619  07BC  2FBE               	goto	u200
   620  07BD                     u201:
   621  07BD  2FC0               	goto	l89
   622  07BE                     u200:
   623  07BE                     l745:
   624                           
   625                           ;keypad_4x4.c: 27:         return '8';
   626  07BE  3038               	movlw	56
   627  07BF  2FFB               	goto	l80
   628  07C0                     l89:
   629                           
   630                           ;keypad_4x4.c: 28:     if ((RB6==1)&&(RB2==1))
   631  07C0  1F06               	btfss	6,6	;volatile
   632  07C1  2FC3               	goto	u211
   633  07C2  2FC4               	goto	u210
   634  07C3                     u211:
   635  07C3  2FCA               	goto	l90
   636  07C4                     u210:
   637  07C4                     l749:
   638  07C4  1D06               	btfss	6,2	;volatile
   639  07C5  2FC7               	goto	u221
   640  07C6  2FC8               	goto	u220
   641  07C7                     u221:
   642  07C7  2FCA               	goto	l90
   643  07C8                     u220:
   644  07C8                     l751:
   645                           
   646                           ;keypad_4x4.c: 29:         return '9';
   647  07C8  3039               	movlw	57
   648  07C9  2FFB               	goto	l80
   649  07CA                     l90:
   650                           
   651                           ;keypad_4x4.c: 30:     if ((RB6==1)&&(RB3==1))
   652  07CA  1F06               	btfss	6,6	;volatile
   653  07CB  2FCD               	goto	u231
   654  07CC  2FCE               	goto	u230
   655  07CD                     u231:
   656  07CD  2FD4               	goto	l91
   657  07CE                     u230:
   658  07CE                     l755:
   659  07CE  1D86               	btfss	6,3	;volatile
   660  07CF  2FD1               	goto	u241
   661  07D0  2FD2               	goto	u240
   662  07D1                     u241:
   663  07D1  2FD4               	goto	l91
   664  07D2                     u240:
   665  07D2                     l757:
   666                           
   667                           ;keypad_4x4.c: 31:         return 'C';
   668  07D2  3043               	movlw	67
   669  07D3  2FFB               	goto	l80
   670  07D4                     l91:
   671                           
   672                           ;keypad_4x4.c: 32:     if ((RB7==1)&&(RB0==1))
   673  07D4  1F86               	btfss	6,7	;volatile
   674  07D5  2FD7               	goto	u251
   675  07D6  2FD8               	goto	u250
   676  07D7                     u251:
   677  07D7  2FDE               	goto	l92
   678  07D8                     u250:
   679  07D8                     l761:
   680  07D8  1C06               	btfss	6,0	;volatile
   681  07D9  2FDB               	goto	u261
   682  07DA  2FDC               	goto	u260
   683  07DB                     u261:
   684  07DB  2FDE               	goto	l92
   685  07DC                     u260:
   686  07DC                     l763:
   687                           
   688                           ;keypad_4x4.c: 33:         return '*';
   689  07DC  302A               	movlw	42
   690  07DD  2FFB               	goto	l80
   691  07DE                     l92:
   692                           
   693                           ;keypad_4x4.c: 34:     if ((RB7==1)&&(RB1==1))
   694  07DE  1F86               	btfss	6,7	;volatile
   695  07DF  2FE1               	goto	u271
   696  07E0  2FE2               	goto	u270
   697  07E1                     u271:
   698  07E1  2FE8               	goto	l93
   699  07E2                     u270:
   700  07E2                     l767:
   701  07E2  1C86               	btfss	6,1	;volatile
   702  07E3  2FE5               	goto	u281
   703  07E4  2FE6               	goto	u280
   704  07E5                     u281:
   705  07E5  2FE8               	goto	l93
   706  07E6                     u280:
   707  07E6                     l769:
   708                           
   709                           ;keypad_4x4.c: 35:         return '0';
   710  07E6  3030               	movlw	48
   711  07E7  2FFB               	goto	l80
   712  07E8                     l93:
   713                           
   714                           ;keypad_4x4.c: 36:     if ((RB7==1)&&(RB2==1))
   715  07E8  1F86               	btfss	6,7	;volatile
   716  07E9  2FEB               	goto	u291
   717  07EA  2FEC               	goto	u290
   718  07EB                     u291:
   719  07EB  2FF2               	goto	l94
   720  07EC                     u290:
   721  07EC                     l773:
   722  07EC  1D06               	btfss	6,2	;volatile
   723  07ED  2FEF               	goto	u301
   724  07EE  2FF0               	goto	u300
   725  07EF                     u301:
   726  07EF  2FF2               	goto	l94
   727  07F0                     u300:
   728  07F0                     l775:
   729                           
   730                           ;keypad_4x4.c: 37:         return '#';
   731  07F0  3023               	movlw	35
   732  07F1  2FFB               	goto	l80
   733  07F2                     l94:
   734                           
   735                           ;keypad_4x4.c: 38:     if ((RB7==1)&&(RB3==1))
   736  07F2  1F86               	btfss	6,7	;volatile
   737  07F3  2FF5               	goto	u311
   738  07F4  2FF6               	goto	u310
   739  07F5                     u311:
   740  07F5  2F5A               	goto	l78
   741  07F6                     u310:
   742  07F6                     l779:
   743  07F6  1D86               	btfss	6,3	;volatile
   744  07F7  2FF9               	goto	u321
   745  07F8  2FFA               	goto	u320
   746  07F9                     u321:
   747  07F9  2F5A               	goto	l78
   748  07FA                     u320:
   749  07FA                     l781:
   750                           
   751                           ;keypad_4x4.c: 39:         return 'D';
   752  07FA  3044               	movlw	68
   753  07FB                     l80:
   754  07FB  0008               	return
   755  07FC                     __end_of_keypressed:
   756  007E                     btemp	set	126	;btemp
   757  007E                     wtemp0	set	126
   758                           
   759                           	psect	config
   760                           
   761                           ;Config register CONFIG @ 0x2007
   762                           ;	Oscillator Selection bits
   763                           ;	FOSC = HS, HS oscillator
   764                           ;	Watchdog Timer Enable bit
   765                           ;	WDTE = OFF, WDT disabled
   766                           ;	Power-up Timer Enable bit
   767                           ;	PWRTE = OFF, PWRT disabled
   768                           ;	Brown-out Reset Enable bit
   769                           ;	BOREN = OFF, BOR disabled
   770                           ;	Low-Voltage (Single-Supply) In-Circuit Serial Programming Enable bit
   771                           ;	LVP = OFF, RB3 is digital I/O, HV on MCLR must be used for programming
   772                           ;	Data EEPROM Memory Code Protection bit
   773                           ;	CPD = OFF, Data EEPROM code protection off
   774                           ;	Flash Program Memory Write Enable bits
   775                           ;	WRT = OFF, Write protection off; all program memory may be written to by EECON control
   776                           ;	In-Circuit Debugger Mode bit
   777                           ;	DEBUG = 0x1, unprogrammed default
   778                           ;	Flash Program Memory Code Protection bit
   779                           ;	CP = OFF, Code protection off
   780  2007                     	org	8199
   781  2007  3F3A               	dw	16186

Data Sizes:
    Strings     0
    Constant    0
    Data        0
    BSS         0
    Persistent  0
    Stack       0

Auto Spaces:
    Space          Size  Autos    Used
    COMMON           14      1       1
    BANK0            80      0       0
    BANK1            80      0       0
    BANK3            96      0       0
    BANK2            96      0       0

Pointer List with Targets:

    None.

Critical Paths under _main in COMMON

    None.

Critical Paths under _main in BANK0

    None.

Critical Paths under _main in BANK1

    None.

Critical Paths under _main in BANK3

    None.

Critical Paths under _main in BANK2

    None.

Call Graph Tables:

 ---------------------------------------------------------------------------------
 (Depth) Function   	        Calls       Base Space   Used Autos Params    Refs
 ---------------------------------------------------------------------------------
 (0) _main                                                 1     1      0       0
                                              0 COMMON     1     1      0
                         _keypressed
 ---------------------------------------------------------------------------------
 (1) _keypressed                                           0     0      0       0
 ---------------------------------------------------------------------------------
 Estimated maximum stack depth 1
 ---------------------------------------------------------------------------------

 Call Graph Graphs:

 _main (ROOT)
   _keypressed

 Address spaces:
Name               Size   Autos  Total    Cost      Usage
BITCOMMON            E      0       0       0        0.0%
EEDATA             100      0       0       0        0.0%
NULL                 0      0       0       0        0.0%
CODE                 0      0       0       0        0.0%
COMMON               E      1       1       1        7.1%
BITSFR0              0      0       0       1        0.0%
SFR0                 0      0       0       1        0.0%
BITSFR1              0      0       0       2        0.0%
SFR1                 0      0       0       2        0.0%
STACK                0      0       0       2        0.0%
ABS                  0      0       0       3        0.0%
BITBANK0            50      0       0       4        0.0%
BITSFR3              0      0       0       4        0.0%
SFR3                 0      0       0       4        0.0%
BANK0               50      0       0       5        0.0%
BITSFR2              0      0       0       5        0.0%
SFR2                 0      0       0       5        0.0%
BITBANK1            50      0       0       6        0.0%
BANK1               50      0       0       7        0.0%
BITBANK3            60      0       0       8        0.0%
BANK3               60      0       0       9        0.0%
BITBANK2            60      0       0      10        0.0%
BANK2               60      0       0      11        0.0%
DATA                 0      0       0      12        0.0%


Microchip Technology PIC Macro Assembler V2.30 build 20200825195618 
Symbol Table                                                                                   Mon Jan 10 06:29:32 2022

                     l80 07FB                       l81 0770                       l90 07CA  
                     l82 077A                       l91 07D4                       l83 0784  
                     l92 07DE                       l84 078E                       l93 07E8  
                     l85 0798                       l94 07F2                       l86 07A2  
                     l78 075A                       l87 07AC                       l79 0766  
                     l88 07B6                       l89 07C0                       u10 0760  
                     u11 075F                       u20 0764                       u21 0763  
                     u30 076A                       u31 0769                       u40 076E  
                     u41 076D                       u50 0774                       u51 0773  
                     u60 0778                       u61 0777                       u70 077E  
                     u71 077D                       u80 0782                       u81 0781  
                     u90 0788                       u91 0787                      l701 0774  
                    l703 0778                      l721 0796                      l713 0788  
                    l731 07A6                      l715 078C                      l707 077E  
                    l733 07AA                      l725 079C                      l709 0782  
                    l751 07C8                      l743 07BA                      l727 07A0  
                    l719 0792                      l761 07D8                      l745 07BE  
                    l737 07B0                      l763 07DC                      l755 07CE  
                    l739 07B4                      l691 0764                      l781 07FA  
                    l773 07EC                      l757 07D2                      l749 07C4  
                    l775 07F0                      l767 07E2                      l695 076A  
                    l769 07E6                      l697 076E                      l689 0760  
                    l779 07F6                      l795 074D                      l797 0751  
                    _RB0 0030                      _RB1 0031                      _RB2 0032  
                    _RB3 0033                      _RB4 0034                      _RB5 0035  
                    _RB6 0036                      _RC5 003D                      _RB7 0037  
                    u100 078C                      u101 078B                      _RC7 003F  
                    u110 0792                      u111 0791                      u200 07BE  
                    u120 0796                      u201 07BD                      u121 0795  
                    u210 07C4                      u130 079C                      u211 07C3  
                    u131 079B                      u300 07F0                      u220 07C8  
                    u140 07A0                      u301 07EF                      u221 07C7  
                    u141 079F                      u310 07F6                      u230 07CE  
                    u150 07A6                      u311 07F5                      u231 07CD  
                    u151 07A5                      u320 07FA                      u240 07D2  
                    u160 07AA                      u321 07F9                      u241 07D1  
                    u161 07A9                      u250 07D8                      u170 07B0  
                    u251 07D7                      u171 07AF                      u260 07DC  
                    u180 07B4                      u261 07DB                      u181 07B3  
                    u270 07E2                      u190 07BA                      u271 07E1  
                    u191 07B9                      u280 07E6                      u281 07E5  
                    u290 07EC                      u291 07EB                     _main 074D  
                   btemp 007E                     start 0000                    ?_main 0000  
                  _PORTA 0005                    _PORTB 0006                    _TRISB 0086  
                  status 0003                    wtemp0 007E          __initialization 07FC  
           __end_of_main 075A                   ??_main 0000  __end_of__initialization 07FC  
         __pcstackCOMMON 0000               __pmaintext 074D                  __ptext1 075A  
             _keypressed 075A     end_of_initialization 07FC      start_initialization 07FC  
            ?_keypressed 0000                ___latbits 0002      __size_of_keypressed 00A2  
           ??_keypressed 0000            __size_of_main 000D       __end_of_keypressed 07FC  
